<?xml version="1.0" encoding="UTF-8"?>
<!-- Generated by org.testng.reporters.JUnitReportReporter -->
<testsuite hostname="Hp_Blaster" failures="0" tests="3" name="com.qa.testcases.LoginTest" time="4.833" errors="0" timestamp="2024-05-04T13:48:20 IST" skipped="0">
  <testcase classname="com.qa.testcases.LoginTest" name="verifyWithInvalidCredentials" time="1.524"/>
  <testcase classname="com.qa.testcases.LoginTest" name="verifyTheForgetPasswordCredntials" time="0.824"/>
  <testcase classname="com.qa.testcases.LoginTest" name="verifyWithValidCredentials" time="2.485"/>
</testsuite> <!-- com.qa.testcases.LoginTest -->
